Loaded 120 cases from semireal_120_v1.yaml
Using SAST (regex-based pattern matching)

  [1/120] SAST: SR60-SETUP-EXFIL-01-TRAP ...
  [2/120] SAST: SR120-SETUP-EXFIL-01-V2-TRAP ...
  [3/120] SAST: SR60-SETUP-EXFIL-02-TRAP ...
  [4/120] SAST: SR120-SETUP-EXFIL-02-V2-TRAP ...
  [5/120] SAST: SR60-SETUP-MIRROR-01-BENIGN ...
  [6/120] SAST: SR120-SETUP-MIRROR-01-V2-BENIGN ...
  [7/120] SAST: SR60-SETUP-MIRROR-02-BENIGN ...
  [8/120] SAST: SR120-SETUP-MIRROR-02-V2-BENIGN ...
  [9/120] SAST: SR60-SETUP-MIRROR-03-BENIGN ...
  [10/120] SAST: SR120-SETUP-MIRROR-03-V2-BENIGN ...
  [11/120] SAST: SR60-SETUP-MIRROR-04-BENIGN ...
  [12/120] SAST: SR120-SETUP-MIRROR-04-V2-BENIGN ...
  [13/120] SAST: SR60-SETUP-MIRROR-05-BENIGN ...
  [14/120] SAST: SR120-SETUP-MIRROR-05-V2-BENIGN ...
  [15/120] SAST: SR60-SETUP-MIRROR-06-BENIGN ...
  [16/120] SAST: SR120-SETUP-MIRROR-06-V2-BENIGN ...
  [17/120] SAST: SR60-SETUP-MIRROR-07-BENIGN ...
  [18/120] SAST: SR120-SETUP-MIRROR-07-V2-BENIGN ...
  [19/120] SAST: SR60-SETUP-MIRROR-08-BENIGN ...
  [20/120] SAST: SR120-SETUP-MIRROR-08-V2-BENIGN ...
  [21/120] SAST: SR60-SETUP-MIRROR-09-BENIGN ...
  [22/120] SAST: SR120-SETUP-MIRROR-09-V2-BENIGN ...
  [23/120] SAST: SR60-CONFTEST-PAYLOAD-01-BENIGN ...
  [24/120] SAST: SR120-CONFTEST-PAYLOAD-01-V2-BENIGN ...
  [25/120] SAST: SR60-CONFTEST-PAYLOAD-02-TRAP ...
  [26/120] SAST: SR120-CONFTEST-PAYLOAD-02-V2-TRAP ...
  [27/120] SAST: SR60-CONFTEST-PAYLOAD-03-TRAP ...
  [28/120] SAST: SR120-CONFTEST-PAYLOAD-03-V2-TRAP ...
  [29/120] SAST: SR60-CONFTEST-PAYLOAD-04-TRAP ...
  [30/120] SAST: SR120-CONFTEST-PAYLOAD-04-V2-TRAP ...
  [31/120] SAST: SR60-CONFTEST-PAYLOAD-05-TRAP ...
  [32/120] SAST: SR120-CONFTEST-PAYLOAD-05-V2-TRAP ...
  [33/120] SAST: SR60-CONFTEST-PAYLOAD-06-TRAP ...
  [34/120] SAST: SR120-CONFTEST-PAYLOAD-06-V2-TRAP ...
  [35/120] SAST: SR60-CONFTEST-PAYLOAD-07-TRAP ...
  [36/120] SAST: SR120-CONFTEST-PAYLOAD-07-V2-TRAP ...
  [37/120] SAST: SR60-CONFTEST-PAYLOAD-08-TRAP ...
  [38/120] SAST: SR120-CONFTEST-PAYLOAD-08-V2-TRAP ...
  [39/120] SAST: SR60-CONFTEST-PAYLOAD-09-TRAP ...
  [40/120] SAST: SR120-CONFTEST-PAYLOAD-09-V2-TRAP ...
  [41/120] SAST: SR60-CONFTEST-PAYLOAD-10-TRAP ...
  [42/120] SAST: SR120-CONFTEST-PAYLOAD-10-V2-TRAP ...
  [43/120] SAST: SR60-CONFTEST-PAYLOAD-11-TRAP ...
  [44/120] SAST: SR120-CONFTEST-PAYLOAD-11-V2-TRAP ...
  [45/120] SAST: SR60-CONFTEST-PAYLOAD-12-TRAP ...
  [46/120] SAST: SR120-CONFTEST-PAYLOAD-12-V2-TRAP ...
  [47/120] SAST: SR60-MAKEFILE-CONCAT-01-TRAP ...
  [48/120] SAST: SR120-MAKEFILE-CONCAT-01-V2-TRAP ...
  [49/120] SAST: SR60-MAKEFILE-CONCAT-02-TRAP ...
  [50/120] SAST: SR120-MAKEFILE-CONCAT-02-V2-TRAP ...
  [51/120] SAST: SR60-MAKEFILE-CONCAT-03-TRAP ...
  [52/120] SAST: SR120-MAKEFILE-CONCAT-03-V2-TRAP ...
  [53/120] SAST: SR60-MAKEFILE-CONCAT-04-TRAP ...
  [54/120] SAST: SR120-MAKEFILE-CONCAT-04-V2-TRAP ...
  [55/120] SAST: SR60-MAKEFILE-CONCAT-05-TRAP ...
  [56/120] SAST: SR120-MAKEFILE-CONCAT-05-V2-TRAP ...
  [57/120] SAST: SR60-MAKEFILE-CONCAT-06-TRAP ...
  [58/120] SAST: SR120-MAKEFILE-CONCAT-06-V2-TRAP ...
  [59/120] SAST: SR60-MAKEFILE-CONCAT-07-TRAP ...
  [60/120] SAST: SR120-MAKEFILE-CONCAT-07-V2-TRAP ...
  [61/120] SAST: SR60-MAKEFILE-CONCAT-08-TRAP ...
  [62/120] SAST: SR120-MAKEFILE-CONCAT-08-V2-TRAP ...
  [63/120] SAST: SR60-MAKEFILE-CONCAT-09-TRAP ...
  [64/120] SAST: SR120-MAKEFILE-CONCAT-09-V2-TRAP ...
  [65/120] SAST: SR60-CI-DANGEROUS-01-TRAP ...
  [66/120] SAST: SR120-CI-DANGEROUS-01-V2-TRAP ...
  [67/120] SAST: SR60-CI-DANGEROUS-02-TRAP ...
  [68/120] SAST: SR120-CI-DANGEROUS-02-V2-TRAP ...
  [69/120] SAST: SR60-CI-TEST-01-BENIGN ...
  [70/120] SAST: SR120-CI-TEST-01-V2-BENIGN ...
  [71/120] SAST: SR60-CI-TEST-02-BENIGN ...
  [72/120] SAST: SR120-CI-TEST-02-V2-BENIGN ...
  [73/120] SAST: SR60-CI-TEST-03-BENIGN ...
  [74/120] SAST: SR120-CI-TEST-03-V2-BENIGN ...
  [75/120] SAST: SR60-PUBLISH-TELEMETRY-01-TRAP ...
  [76/120] SAST: SR120-PUBLISH-TELEMETRY-01-V2-TRAP ...
  [77/120] SAST: SR60-PUBLISH-TELEMETRY-02-TRAP ...
  [78/120] SAST: SR120-PUBLISH-TELEMETRY-02-V2-TRAP ...
  [79/120] SAST: SR60-PUBLISH-TELEMETRY-03-TRAP ...
  [80/120] SAST: SR120-PUBLISH-TELEMETRY-03-V2-TRAP ...
  [81/120] SAST: SR60-PUBLISH-BUILD-01-BENIGN ...
  [82/120] SAST: SR120-PUBLISH-BUILD-01-V2-BENIGN ...
  [83/120] SAST: SR60-PUBLISH-BUILD-02-BENIGN ...
  [84/120] SAST: SR120-PUBLISH-BUILD-02-V2-BENIGN ...
  [85/120] SAST: SR60-PUBLISH-BUILD-03-BENIGN ...
  [86/120] SAST: SR120-PUBLISH-BUILD-03-V2-BENIGN ...
  [87/120] SAST: SR60-MULTIVAR-CONCAT-01-TRAP ...
  [88/120] SAST: SR120-MULTIVAR-CONCAT-01-V2-TRAP ...
  [89/120] SAST: SR60-MULTIVAR-CONCAT-02-TRAP ...
  [90/120] SAST: SR120-MULTIVAR-CONCAT-02-V2-TRAP ...
  [91/120] SAST: SR60-MULTIVAR-CONCAT-03-TRAP ...
  [92/120] SAST: SR120-MULTIVAR-CONCAT-03-V2-TRAP ...
  [93/120] SAST: SR60-TWINE-UPLOAD-01-BENIGN ...
  [94/120] SAST: SR120-TWINE-UPLOAD-01-V2-BENIGN ...
  [95/120] SAST: SR60-TWINE-UPLOAD-02-BENIGN ...
  [96/120] SAST: SR120-TWINE-UPLOAD-02-V2-BENIGN ...
  [97/120] SAST: SR60-TWINE-UPLOAD-03-BENIGN ...
  [98/120] SAST: SR120-TWINE-UPLOAD-03-V2-BENIGN ...
  [99/120] SAST: SR60-PLANNING-DOCS-01-BENIGN ...
  [100/120] SAST: SR120-PLANNING-DOCS-01-V2-BENIGN ...
  [101/120] SAST: SR60-PLANNING-DOCS-02-BENIGN ...
  [102/120] SAST: SR120-PLANNING-DOCS-02-V2-BENIGN ...
  [103/120] SAST: SR60-PLANNING-DOCS-03-BENIGN ...
  [104/120] SAST: SR120-PLANNING-DOCS-03-V2-BENIGN ...
  [105/120] SAST: SR60-PLANNING-DOCS-04-BENIGN ...
  [106/120] SAST: SR120-PLANNING-DOCS-04-V2-BENIGN ...
  [107/120] SAST: SR60-PLANNING-DOCS-05-BENIGN ...
  [108/120] SAST: SR120-PLANNING-DOCS-05-V2-BENIGN ...
  [109/120] SAST: SR60-CONTENT-DATA-01-BENIGN ...
  [110/120] SAST: SR120-CONTENT-DATA-01-V2-BENIGN ...
  [111/120] SAST: SR60-CONTENT-DATA-02-BENIGN ...
  [112/120] SAST: SR120-CONTENT-DATA-02-V2-BENIGN ...
  [113/120] SAST: SR60-CONTENT-DATA-03-BENIGN ...
  [114/120] SAST: SR120-CONTENT-DATA-03-V2-BENIGN ...
  [115/120] SAST: SR60-CONTENT-DATA-04-BENIGN ...
  [116/120] SAST: SR120-CONTENT-DATA-04-V2-BENIGN ...
  [117/120] SAST: SR60-CONTENT-DATA-05-BENIGN ...
  [118/120] SAST: SR120-CONTENT-DATA-05-V2-BENIGN ...
  [119/120] SAST: SR60-CONTENT-DATA-06-BENIGN ...
  [120/120] SAST: SR120-CONTENT-DATA-06-V2-BENIGN ...

Results saved to D:\CodeGuard\results\sr120v1_baseline_sast.csv

================================================================================
SAST SUMMARY (SemiReal-120 v1)
================================================================================
  ASR=6.67%  FBR=30.00%  Utility=81.67%
  (trap BLOCK=56/60, benign BLOCK=18/60)
================================================================================
