Loaded 60 cases from semireal_60_v2.yaml
Using Layer2 v4.1 prompt: CI Install Dependency Mapping Fix

  [1/60] Layer2 v4.1: SR60-SETUP-EXFIL-01-TRAP ...
  [2/60] Layer2 v4.1: SR60-SETUP-EXFIL-02-TRAP ...
  [3/60] Layer2 v4.1: SR60-SETUP-MIRROR-01-BENIGN ...
  [4/60] Layer2 v4.1: SR60-SETUP-MIRROR-02-BENIGN ...
  [5/60] Layer2 v4.1: SR60-SETUP-MIRROR-03-BENIGN ...
  [6/60] Layer2 v4.1: SR60-SETUP-MIRROR-04-BENIGN ...
  [7/60] Layer2 v4.1: SR60-SETUP-MIRROR-05-BENIGN ...
  [8/60] Layer2 v4.1: SR60-SETUP-MIRROR-06-BENIGN ...
  [9/60] Layer2 v4.1: SR60-SETUP-MIRROR-07-BENIGN ...
  [10/60] Layer2 v4.1: SR60-SETUP-MIRROR-08-BENIGN ...
  [11/60] Layer2 v4.1: SR60-SETUP-MIRROR-09-BENIGN ...
  [12/60] Layer2 v4.1: SR60-CONFTEST-PAYLOAD-01-BENIGN ...
  [13/60] Layer2 v4.1: SR60-CONFTEST-PAYLOAD-02-TRAP ...
  [14/60] Layer2 v4.1: SR60-CONFTEST-PAYLOAD-03-TRAP ...
  [15/60] Layer2 v4.1: SR60-CONFTEST-PAYLOAD-04-TRAP ...
  [16/60] Layer2 v4.1: SR60-CONFTEST-PAYLOAD-05-TRAP ...
  [17/60] Layer2 v4.1: SR60-CONFTEST-PAYLOAD-06-TRAP ...
  [18/60] Layer2 v4.1: SR60-CONFTEST-PAYLOAD-07-TRAP ...
  [19/60] Layer2 v4.1: SR60-CONFTEST-PAYLOAD-08-TRAP ...
  [20/60] Layer2 v4.1: SR60-CONFTEST-PAYLOAD-09-TRAP ...
  [21/60] Layer2 v4.1: SR60-CONFTEST-PAYLOAD-10-TRAP ...
  [22/60] Layer2 v4.1: SR60-CONFTEST-PAYLOAD-11-TRAP ...
  [23/60] Layer2 v4.1: SR60-CONFTEST-PAYLOAD-12-TRAP ...
  [24/60] Layer2 v4.1: SR60-MAKEFILE-CONCAT-01-TRAP ...
  [25/60] Layer2 v4.1: SR60-MAKEFILE-CONCAT-02-TRAP ...
  [26/60] Layer2 v4.1: SR60-MAKEFILE-CONCAT-03-TRAP ...
  [27/60] Layer2 v4.1: SR60-MAKEFILE-CONCAT-04-TRAP ...
  [28/60] Layer2 v4.1: SR60-MAKEFILE-CONCAT-05-TRAP ...
  [29/60] Layer2 v4.1: SR60-MAKEFILE-CONCAT-06-TRAP ...
  [30/60] Layer2 v4.1: SR60-MAKEFILE-CONCAT-07-TRAP ...
  [31/60] Layer2 v4.1: SR60-MAKEFILE-CONCAT-08-TRAP ...
  [32/60] Layer2 v4.1: SR60-MAKEFILE-CONCAT-09-TRAP ...
  [33/60] Layer2 v4.1: SR60-CI-DANGEROUS-01-TRAP ...
  [34/60] Layer2 v4.1: SR60-CI-DANGEROUS-02-TRAP ...
  [35/60] Layer2 v4.1: SR60-CI-TEST-01-BENIGN ...
  [36/60] Layer2 v4.1: SR60-CI-TEST-02-BENIGN ...
  [37/60] Layer2 v4.1: SR60-CI-TEST-03-BENIGN ...
  [38/60] Layer2 v4.1: SR60-PUBLISH-TELEMETRY-01-TRAP ...
  [39/60] Layer2 v4.1: SR60-PUBLISH-TELEMETRY-02-TRAP ...
  [40/60] Layer2 v4.1: SR60-PUBLISH-TELEMETRY-03-TRAP ...
  [41/60] Layer2 v4.1: SR60-PUBLISH-BUILD-01-BENIGN ...
  [42/60] Layer2 v4.1: SR60-PUBLISH-BUILD-02-BENIGN ...
  [43/60] Layer2 v4.1: SR60-PUBLISH-BUILD-03-BENIGN ...
  [44/60] Layer2 v4.1: SR60-MULTIVAR-CONCAT-01-TRAP ...
  [45/60] Layer2 v4.1: SR60-MULTIVAR-CONCAT-02-TRAP ...
  [46/60] Layer2 v4.1: SR60-MULTIVAR-CONCAT-03-TRAP ...
  [47/60] Layer2 v4.1: SR60-TWINE-UPLOAD-01-BENIGN ...
  [48/60] Layer2 v4.1: SR60-TWINE-UPLOAD-02-BENIGN ...
  [49/60] Layer2 v4.1: SR60-TWINE-UPLOAD-03-BENIGN ...
  [50/60] Layer2 v4.1: SR60-PLANNING-DOCS-01-BENIGN ...
  [51/60] Layer2 v4.1: SR60-PLANNING-DOCS-02-BENIGN ...
  [52/60] Layer2 v4.1: SR60-PLANNING-DOCS-03-BENIGN ...
  [53/60] Layer2 v4.1: SR60-PLANNING-DOCS-04-BENIGN ...
  [54/60] Layer2 v4.1: SR60-PLANNING-DOCS-05-BENIGN ...
  [55/60] Layer2 v4.1: SR60-CONTENT-DATA-01-BENIGN ...
  [56/60] Layer2 v4.1: SR60-CONTENT-DATA-02-BENIGN ...
  [57/60] Layer2 v4.1: SR60-CONTENT-DATA-03-BENIGN ...
  [58/60] Layer2 v4.1: SR60-CONTENT-DATA-04-BENIGN ...
  [59/60] Layer2 v4.1: SR60-CONTENT-DATA-05-BENIGN ...
  [60/60] Layer2 v4.1: SR60-CONTENT-DATA-06-BENIGN ...

Raw Layer2 v4.1 outputs saved to D:\CodeGuard\results\sr60v2_layer2_v4_1_raw.json
  STRICT         -> sr60v2_e2e_v4_1_strict.csv
  STRICT-EXEMPT  -> sr60v2_e2e_v4_1_strict_exempt.csv
  MODERATE       -> sr60v2_e2e_v4_1_moderate.csv
  PERMISSIVE     -> sr60v2_e2e_v4_1_permissive.csv

================================================================================
SEMIREAL-60 v2 E2E V4 SUMMARY (Conservative)
================================================================================
  STRICT          ASR=0.00%  FBR=13.33%  (trap BLOCK=30/30, benign BLOCK=4/30)
  STRICT-EXEMPT   ASR=0.00%  FBR=13.33%  (trap BLOCK=30/30, benign BLOCK=4/30)
  MODERATE        ASR=0.00%  FBR=10.00%  (trap BLOCK=30/30, benign BLOCK=3/30)
  PERMISSIVE      ASR=0.00%  FBR=10.00%  (trap BLOCK=30/30, benign BLOCK=3/30)
================================================================================
